{
  "RSpec": {
    "coverage": {
      "/Users/williamweston/Turing/3-mod/3week/week-3-viewing-party-7/spec/features/landing_page_spec.rb": {
        "lines": [
          1,
          null,
          1,
          1,
          5,
          5,
          5,
          null,
          null,
          1,
          1,
          null,
          null,
          1,
          1,
          null,
          1,
          null,
          1,
          1,
          null,
          1,
          null,
          null,
          1,
          1,
          1,
          null,
          1,
          null,
          1,
          null,
          1,
          null,
          1,
          1,
          null,
          1,
          null,
          1,
          null,
          1,
          1,
          null,
          1,
          1,
          1,
          null,
          null,
          null,
          1,
          1,
          null,
          1,
          null,
          1,
          null,
          1,
          null,
          1,
          null,
          1,
          1,
          1,
          null,
          1,
          1,
          null,
          null,
          null,
          1,
          1,
          1,
          null,
          1,
          null,
          1,
          null,
          1,
          1,
          null,
          null,
          null
        ]
      },
      "/Users/williamweston/Turing/3-mod/3week/week-3-viewing-party-7/spec/features/login_spec.rb": {
        "lines": [
          1,
          null,
          1,
          1,
          1,
          null,
          null,
          1,
          1,
          null,
          1,
          null,
          1,
          1,
          null,
          1,
          null,
          1,
          null,
          1,
          null,
          1,
          1,
          1,
          null,
          null,
          null
        ]
      },
      "/Users/williamweston/Turing/3-mod/3week/week-3-viewing-party-7/spec/features/movie_index_spec.rb": {
        "lines": [
          1,
          null,
          1,
          1,
          1,
          1,
          1,
          20,
          20,
          null,
          null,
          null,
          1,
          1,
          null,
          1,
          null,
          1,
          null,
          1,
          1,
          null,
          1,
          null,
          1,
          null,
          1,
          null,
          1,
          null,
          1,
          null,
          1,
          20,
          20,
          20,
          null,
          null,
          null,
          null
        ]
      },
      "/Users/williamweston/Turing/3-mod/3week/week-3-viewing-party-7/spec/features/movie_show_spec.rb": {
        "lines": [
          1,
          null,
          1,
          1,
          1,
          1,
          1,
          20,
          20,
          null,
          null,
          null,
          1,
          1,
          1,
          null,
          1,
          null,
          1,
          1,
          null,
          1,
          null,
          1,
          null,
          1,
          null,
          1,
          null,
          1,
          null,
          1,
          null,
          1,
          null,
          1,
          null,
          1,
          null,
          1,
          1,
          1,
          null,
          null
        ]
      },
      "/Users/williamweston/Turing/3-mod/3week/week-3-viewing-party-7/spec/features/registration_spec.rb": {
        "lines": [
          1,
          null,
          1,
          1,
          1,
          null,
          1,
          1,
          1,
          1,
          1,
          null,
          1,
          1,
          null,
          null,
          1,
          1,
          null,
          1,
          null,
          1,
          1,
          1,
          1,
          1,
          null,
          1,
          1,
          null,
          null,
          1,
          1,
          1,
          null,
          null,
          1,
          1,
          1,
          1,
          null,
          1,
          1,
          null,
          null,
          null,
          1,
          1,
          null,
          1,
          1,
          1,
          1,
          1,
          null,
          1,
          1,
          null,
          null,
          1,
          1,
          1,
          null,
          1,
          1,
          1,
          null,
          1,
          1,
          null,
          null,
          null,
          1,
          1,
          null,
          1,
          null,
          1,
          1,
          1,
          1,
          1,
          null,
          1,
          1,
          null,
          null,
          null
        ]
      },
      "/Users/williamweston/Turing/3-mod/3week/week-3-viewing-party-7/spec/models/movie_spec.rb": {
        "lines": [
          1,
          null,
          1,
          1,
          2,
          2,
          2,
          null,
          null,
          null,
          null
        ]
      },
      "/Users/williamweston/Turing/3-mod/3week/week-3-viewing-party-7/app/models/movie.rb": {
        "lines": [
          1,
          1,
          1,
          null
        ]
      },
      "/Users/williamweston/Turing/3-mod/3week/week-3-viewing-party-7/app/models/application_record.rb": {
        "lines": [
          1,
          1,
          null
        ]
      },
      "/Users/williamweston/Turing/3-mod/3week/week-3-viewing-party-7/spec/models/user_spec.rb": {
        "lines": [
          1,
          null,
          1,
          null,
          1,
          2,
          2,
          2,
          2,
          null,
          null,
          1,
          1,
          1,
          1,
          1,
          null,
          null,
          null
        ]
      },
      "/Users/williamweston/Turing/3-mod/3week/week-3-viewing-party-7/app/models/user.rb": {
        "lines": [
          1,
          1,
          1,
          1,
          null,
          1,
          1,
          null,
          1,
          null
        ]
      },
      "/Users/williamweston/Turing/3-mod/3week/week-3-viewing-party-7/spec/models/viewing_party_spec.rb": {
        "lines": [
          1,
          null,
          1,
          1,
          2,
          2,
          null,
          null
        ]
      },
      "/Users/williamweston/Turing/3-mod/3week/week-3-viewing-party-7/app/models/viewing_party.rb": {
        "lines": [
          1,
          1,
          1,
          null
        ]
      },
      "/Users/williamweston/Turing/3-mod/3week/week-3-viewing-party-7/app/controllers/sessions_controller.rb": {
        "lines": [
          1,
          null,
          1,
          7,
          0,
          null,
          null,
          null,
          1,
          11,
          11,
          6,
          6,
          null,
          6,
          1,
          5,
          0,
          null,
          5,
          null,
          null,
          null,
          5,
          5,
          null,
          null,
          null,
          null,
          1,
          1,
          1,
          1,
          null,
          null,
          1,
          null,
          1,
          0,
          null,
          null
        ]
      },
      "/Users/williamweston/Turing/3-mod/3week/week-3-viewing-party-7/app/controllers/application_controller.rb": {
        "lines": [
          1,
          1,
          null,
          1,
          75,
          24,
          null,
          51,
          null,
          null,
          null,
          1,
          2,
          null,
          null
        ]
      },
      "/Users/williamweston/Turing/3-mod/3week/week-3-viewing-party-7/app/controllers/admin/dashboard_controller.rb": {
        "lines": [
          1,
          1,
          null,
          1,
          null,
          null,
          null,
          1,
          1,
          2,
          2,
          null,
          null
        ]
      },
      "/Users/williamweston/Turing/3-mod/3week/week-3-viewing-party-7/app/controllers/welcome_controller.rb": {
        "lines": [
          1,
          1,
          15,
          9,
          null,
          15,
          null,
          null
        ]
      },
      "/Users/williamweston/Turing/3-mod/3week/week-3-viewing-party-7/app/controllers/users_controller.rb": {
        "lines": [
          1,
          1,
          null,
          1,
          11,
          null,
          null,
          1,
          8,
          null,
          null,
          1,
          6,
          6,
          2,
          2,
          null,
          4,
          4,
          null,
          null,
          null,
          1,
          null,
          1,
          6,
          null,
          null,
          1,
          8,
          0,
          0,
          null,
          null,
          null
        ]
      },
      "/Users/williamweston/Turing/3-mod/3week/week-3-viewing-party-7/app/controllers/movies_controller.rb": {
        "lines": [
          1,
          1,
          2,
          2,
          null,
          null,
          1,
          1,
          1,
          null,
          null
        ]
      }
    },
    "timestamp": 1698189775
  }
}
